Unity Player [version: Unity 5.4.0f3_a6d8d714de6f]

Unknown caused an Access Violation (0xc0000005)
  in module Unknown at 0023:1212aaa0.

Error occurred at 2016-11-20_115216.
C:\Users\Dan\Desktop\capstone-2016-17-t6\builds\1.0.0\build.exe, run by Dan.
57% memory in use.
0 MB physical memory [0 MB free].
0 MB paging file [3694 MB free].
0 MB user address space [3610 MB free].
Write to location 1212aaa0 caused an access violation.

Context:
EDI:    0x01a0c040  ESI: 0x1212aaa0  EAX:   0x01a015e0
EBX:    0x00000000  ECX: 0x1212aaa0  EDX:   0x68365bc0
EIP:    0x1212aaa0  EBP: 0x016ff9a0  SegCs: 0x00000023
EFlags: 0x00210287  ESP: 0x016ff98c  SegSs: 0x0000002b

Bytes at CS:EIP:
5c 00 3f 00 3f 00 5c 00 43 00 3a 00 5c 00 57 00 

Stack:
0x016ff98c: 68382763 01a0c040 038f7e20 044602e0 c'8h@... ~....F.
0x016ff99c: b0c7bbb0 016ff9b4 008c3174 01a0c434 ......o.t1..4...
0x016ff9ac: 04462770 00000001 016ff9cc 008bc5d8 p'F.......o.....
0x016ff9bc: 038f0c10 044602e0 00000000 00000000 ......F.........
0x016ff9cc: 016ff9d8 008bd0cb 044602e0 016ffa00 ..o.......F...o.
0x016ff9dc: 003f8555 00000000 03f11a00 008d2e30 U.?.........0...
0x016ff9ec: 00000000 044601e0 03f11a00 008d2f6b ......F.....k/..
0x016ff9fc: 0445ea40 016ffa20 008d059a 00000001 @.E. .o.........
0x016ffa0c: 00000000 0445ea40 00000000 0021161c ....@.E.......!.
0x016ffa1c: 00211618 016ffa2c 008d0d4b 0445ea40 ..!.,.o.K...@.E.
0x016ffa2c: 016ffb74 003f84f3 00000000 00000001 t.o...?.........
0x016ffa3c: 004ff03e 0050173e 0092801b 00000000 >.O.>.P.........
0x016ffa4c: 015f2000 038d3bc0 77d8940b b24a863b . _..;.....w;.J.
0x016ffa5c: 00000400 00000049 0000004f 034f2a30 ....I...O...0*O.
0x016ffa6c: 038d3b70 7fffffff 034f2258 0112e978 p;......X"O.x...
0x016ffa7c: 0000004e 0000004f 00946358 034f2258 N...O...Xc..X"O.
0x016ffa8c: 0112e978 00000010 00000010 7fffffff x...............
0x016ffa9c: 00000000 011ea498 034f1d08 00000010 ..........O.....
0x016ffaac: 016ffa00 016ffae0 00943018 034f2258 ..o...o..0..X"O.
0x016ffabc: 0112e978 038d3cb0 016ffad0 7fffffff x....<....o.....
0x016ffacc: 00000000 0000004f 0000004f 034f05a8 ....O...O.....O.
0x016ffadc: 038d3da0 016ffb10 00934dcb 034f2258 .=....o..M..X"O.
0x016ffaec: 00000040 0000004f 00000000 616e614d @...O.......Mana
0x016ffafc: 00646567 6c65746e 00000000 00000007 ged.ntel........
0x016ffb0c: 0000000f 016ffb48 038cb9d0 038cba08 ....H.o.........
0x016ffb1c: 038cba08 00000000 03508040 65646900 ........@.P..ide
0x016ffb2c: 646e6957 6c00776f 016f006c 00000000 Window.ll.o.....
0x016ffb3c: 0000000f 00000000 00000000 65726100 .............are
0x016ffb4c: 5748746e 0000444e 019c4dd0 00000000 ntHWND...M......
0x016ffb5c: 0000000f 00000000 03508040 03508080 ........@.P...P.
0x016ffb6c: 00000000 00ffff01 016ffb8c 008f8b08 ..........o.....
0x016ffb7c: 00240000 00000000 019c4dd2 00000001 ..$......M......
0x016ffb8c: 016ffc1c 00927fc8 00240000 00000000 ..o.......$.....
0x016ffb9c: 019c4dd2 00000001 4f7d26bb 0092801b .M.......&}O....
0x016ffbac: 0092801b 015f2000 00000044 019c29fa ..... _.D....)..
0x016ffbbc: 019c29da 019c295a 00000000 00000000 .)..Z)..........
0x016ffbcc: 00000000 00000000 00000000 00000000 ................
0x016ffbdc: 00000000 00000401 00000001 00000000 ................
0x016ffbec: 00000000 00010001 00000000 c0000005 ................
0x016ffbfc: 0092801b 00000000 016ffba4 016ff3bc ..........o...o.
0x016ffc0c: 016ffc68 00929ba0 4f0b3e5f 00000000 h.o....._>.O....
0x016ffc1c: 016ffc30 74c062c4 015f2000 74c062a0 0.o..b.t. _..b.t
0x016ffc2c: a70d1af0 016ffc78 77d90719 015f2000 ....x.o....w. _.
0x016ffc3c: a422f161 00000000 00000000 015f2000 a.".......... _.
0x016ffc4c: c0000005 00000000 016ff39c 7785d150 ..........o.P..w
0x016ffc5c: a422f161 016ffc3c 016ff39c 016ffc80 a.".<.o...o...o.
0x016ffc6c: 77da5ef0 d2af70b1 00000000 016ffc88 .^.w.p........o.
0x016ffc7c: 77d906e4 ffffffff 77db264e 00000000 ...w....N&.w....
0x016ffc8c: 00000000 0092801b 015f2000 00000000 ......... _.....
0x016ffc9c: 00000000 00000000 00000000 00000000 ................
0x016ffcac: 00000000 00000000 00000000 00000000 ................
0x016ffcbc: 00000000 00000000 00000000 00000000 ................
0x016ffccc: 00000000 00000000 00000000 00000000 ................
0x016ffcdc: 00000000 00000000 00000000 00000000 ................
0x016ffcec: 00000000 00000000 00000000 00000000 ................
0x016ffcfc: 00000000 00000000 00000000 00000000 ................
0x016ffd0c: 00000000 00000000 00000000 00000000 ................
0x016ffd1c: 00000000 00000000 00000000 00000000 ................
0x016ffd2c: 00000000 00000000 00000000 00000000 ................
0x016ffd3c: 00000000 00000000 00000000 00000000 ................
0x016ffd4c: 00000000 00000000 00000000 00000000 ................
0x016ffd5c: 00000000 00000000 00000000 00000000 ................
0x016ffd6c: 00000000 00000000 00000000 00000000 ................
0x016ffd7c: 00000000 00000000 00000000 00000000 ................
0x016ffd8c: 00000000 00000000 00000000 00000000 ................
0x016ffd9c: 00000000 00000000 00000000 00000000 ................
0x016ffdac: 00000000 00000000 00000000 00000000 ................
0x016ffdbc: 00000000 00000000 00000000 00000000 ................
0x016ffdcc: 00000000 00000000 00000000 00000000 ................
0x016ffddc: 00000000 00000000 00000000 00000000 ................
0x016ffdec: 00000000 00000000 00000000 00000000 ................
0x016ffdfc: 00000000 00000000 00000000 00000000 ................
0x016ffe0c: 00000000 00000000 00000000 00000000 ................
0x016ffe1c: 00000000 00000000 00000000 00000000 ................
0x016ffe2c: 00000000 00000000 00000000 00000000 ................
0x016ffe3c: 00000000 00000000 00000000 00000000 ................
0x016ffe4c: 00000000 00000000 00000000 00000000 ................
0x016ffe5c: 00000000 00000000 00000000 00000000 ................
0x016ffe6c: 00000000 00000000 00000000 00000000 ................
0x016ffe7c: 00000000 00000000 00000000 00000000 ................
0x016ffe8c: 00000000 00000000 00000000 00000000 ................
0x016ffe9c: 00000000 00000000 00000000 00000000 ................
0x016ffeac: 00000000 00000000 00000000 00000000 ................
0x016ffebc: 00000000 00000000 00000000 00000000 ................
0x016ffecc: 00000000 00000000 00000000 00000000 ................
0x016ffedc: 00000000 00000000 00000000 00000000 ................
0x016ffeec: 00000000 00000000 00000000 00000000 ................
0x016ffefc: 00000000 00000000 00000000 00000000 ................
0x016fff0c: 00000000 00000000 00000000 00000000 ................
0x016fff1c: 00000000 00000000 00000000 00000000 ................
0x016fff2c: 00000000 00000000 00000000 00000000 ................
0x016fff3c: 00000000 00000000 00000000 00000000 ................
0x016fff4c: 00000000 00000000 00000000 00000000 ................
0x016fff5c: 00000000 00000000 00000000 00000000 ................
0x016fff6c: 00000000 00000000 00000000 00000000 ................
0x016fff7c: 00000000 00000000 00000000 00000000 ................
0x016fff8c: 00000000 00000000 00000000 00000000 ................
0x016fff9c: 00000000 00000000 00000000 00000000 ................
0x016fffac: 00000000 00000000 00000000 00000000 ................
0x016fffbc: 00000000 00000000 00000000 00000000 ................
0x016fffcc: 00000000 00000000 00000000 00000000 ................
0x016fffdc: 00000000 00000000 00000000 00000000 ................
0x016fffec: 00000000 00000000 00000000 00000000 ................
0x016ffffc: 00000000                            ....

Module 1
C:\Users\Dan\Desktop\capstone-2016-17-t6\builds\1.0.0\build.exe
Image Base: 0x00240000  Image Size: 0x011b3000
File Size:  17711616    File Time:  2016-07-26_182550
Version:
   Company:    
   Product:    
   FileDesc:   
   FileVer:    5.4.0.55511
   ProdVer:    5.4.0.55511

Module 2
C:\WINDOWS\SYSTEM32\WINMMBASE.dll
Image Base: 0x01cc0000  Image Size: 0x00023000
File Size:  131208      File Time:  2016-07-16_064250
Version:
   Company:    Microsoft Corporation
   Product:    Microsoft® Windows® Operating System
   FileDesc:   Base Multimedia Extension API DLL
   FileVer:    10.0.14393.0
   ProdVer:    10.0.14393.0

Module 3
C:\Users\Dan\Desktop\capstone-2016-17-t6\builds\1.0.0\build_Data\Mono\mono.dll
Image Base: 0x10000000  Image Size: 0x00230000
File Size:  2114520     File Time:  2016-07-26_183128
Version:
   Company:    Unity Technologies
   Product:    libmono
   FileDesc:   Unity Technologies fork of mono runtime
   FileVer:    1.0.0.1
   ProdVer:    1.0.0.1

Module 4
C:\Program Files (x86)\ATI Technologies\HydraVision\HydraDMH.dll
Image Base: 0x10000000  Image Size: 0x00037000
File Size:  217088      File Time:  2013-08-30_223338
Version:
   Company:    AMD
   Product:    AMD HydraVision Desktop Manager
   FileDesc:   HydraDMH
   FileVer:    4.0.66.0
   ProdVer:    4.0.66.0

Module 5
C:\PROGRA~2\RAPTRI~1\PlaysTV\ltc_game32-118416.dll
Image Base: 0x1b910000  Image Size: 0x001dc000
File Size:  1853136     File Time:  2016-11-17_212614
Version:
   Company:    Raptr Inc.
   Product:    Raptr In-Game Overlay
   FileDesc:   Game Module
   FileVer:    1.0.0.1
   ProdVer:    1.0.0.1

Module 6
C:\PROGRA~2\RAPTRI~1\PlaysTV\ltc_help32-118416.dll
Image Base: 0x50bb0000  Image Size: 0x00026000
File Size:  138448      File Time:  2016-11-17_212614
Version:
   Company:    Raptr Inc.
   Product:    Raptr In-Game Overlay
   FileDesc:   Help Module
   FileVer:    1.0.0.1
   ProdVer:    1.0.0.1

Module 7
C:\WINDOWS\SYSTEM32\GLU32.dll
Image Base: 0x50de0000  Image Size: 0x00025000
File Size:  141312      File Time:  2016-07-16_064306
Version:
   Company:    Microsoft Corporation
   Product:    Microsoft® Windows® Operating System
   FileDesc:   OpenGL Utility Library DLL
   FileVer:    10.0.14393.0
   ProdVer:    10.0.14393.0

Module 8
C:\WINDOWS\SYSTEM32\OPENGL32.dll
Image Base: 0x50e10000  Image Size: 0x000e0000
File Size:  786944      File Time:  2016-07-16_064306
Version:
   Company:    Microsoft Corporation
   Product:    Microsoft® Windows® Operating System
   FileDesc:   OpenGL Client DLL
   FileVer:    10.0.14393.0
   ProdVer:    10.0.14393.0

Module 9
C:\PROGRA~2\RAPTRI~1\Raptr\ltc_help32-116716.dll
Image Base: 0x50f10000  Image Size: 0x00026000
File Size:  138448      File Time:  2016-09-28_165350
Version:
   Company:    Raptr Inc.
   Product:    Raptr In-Game Overlay
   FileDesc:   Help Module
   FileVer:    1.0.0.1
   ProdVer:    1.0.0.1

Module 10
C:\WINDOWS\SYSTEM32\DDRAW.dll
Image Base: 0x515e0000  Image Size: 0x000ed000
File Size:  548352      File Time:  2016-11-02_054022
Version:
   Company:    Microsoft Corporation
   Product:    Microsoft® Windows® Operating System
   FileDesc:   Microsoft DirectDraw
   FileVer:    10.0.14393.447
   ProdVer:    10.0.14393.447

Module 11
C:\Windows\System32\cryptnet.dll
Image Base: 0x58240000  Image Size: 0x00025000
File Size:  134656      File Time:  2016-07-16_064256
Version:
   Company:    Microsoft Corporation
   Product:    Microsoft® Windows® Operating System
   FileDesc:   Crypto Network Related API
   FileVer:    10.0.14393.0
   ProdVer:    10.0.14393.0

Module 12
C:\WINDOWS\SYSTEM32\DCIMAN32.dll
Image Base: 0x59390000  Image Size: 0x00007000
File Size:  11776       File Time:  2016-07-16_064250
Version:
   Company:    Microsoft Corporation
   Product:    Microsoft® Windows® Operating System
   FileDesc:   DCI Manager
   FileVer:    10.0.14393.0
   ProdVer:    10.0.14393.0

Module 13
C:\WINDOWS\SYSTEM32\HID.DLL
Image Base: 0x5d310000  Image Size: 0x0000a000
File Size:  25600       File Time:  2016-07-16_064250
Version:
   Company:    Microsoft Corporation
   Product:    Microsoft® Windows® Operating System
   FileDesc:   Hid User Library
   FileVer:    10.0.14393.0
   ProdVer:    10.0.14393.0

Module 14
C:\WINDOWS\SYSTEM32\gpapi.dll
Image Base: 0x65dd0000  Image Size: 0x0001f000
File Size:  112120      File Time:  2016-07-16_064248
Version:
   Company:    Microsoft Corporation
   Product:    Microsoft® Windows® Operating System
   FileDesc:   Group Policy Client API
   FileVer:    10.0.14393.0
   ProdVer:    10.0.14393.0

Module 15
C:\WINDOWS\SYSTEM32\d3d11.dll
Image Base: 0x682d0000  Image Size: 0x0022f000
File Size:  2276736     File Time:  2016-10-14_232050
Version:
   Company:    Microsoft Corporation
   Product:    Microsoft® Windows® Operating System
   FileDesc:   Direct3D 11 Runtime
   FileVer:    10.0.14393.351
   ProdVer:    10.0.14393.351

Module 16
C:\WINDOWS\SYSTEM32\dxgi.dll
Image Base: 0x68590000  Image Size: 0x00084000
File Size:  527880      File Time:  2016-07-16_064250
Version:
   Company:    Microsoft Corporation
   Product:    Microsoft® Windows® Operating System
   FileDesc:   DirectX Graphics Infrastructure
   FileVer:    10.0.14393.0
   ProdVer:    10.0.14393.0

Module 17
C:\WINDOWS\system32\uxtheme.dll
Image Base: 0x6c410000  Image Size: 0x00075000
File Size:  457728      File Time:  2016-07-16_064306
Version:
   Company:    Microsoft Corporation
   Product:    Microsoft® Windows® Operating System
   FileDesc:   Microsoft UxTheme Library
   FileVer:    10.0.14393.0
   ProdVer:    10.0.14393.0

Module 18
C:\WINDOWS\SYSTEM32\ntmarta.dll
Image Base: 0x6c4a0000  Image Size: 0x00028000
File Size:  154432      File Time:  2016-07-16_064256
Version:
   Company:    Microsoft Corporation
   Product:    Microsoft® Windows® Operating System
   FileDesc:   Windows NT MARTA provider
   FileVer:    10.0.14393.0
   ProdVer:    10.0.14393.0

Module 19
C:\WINDOWS\SYSTEM32\wintypes.dll
Image Base: 0x6cb00000  Image Size: 0x000cf000
File Size:  846560      File Time:  2016-10-14_231810
Version:
   Company:    Microsoft Corporation
   Product:    Microsoft® Windows® Operating System
   FileDesc:   Windows Base Types DLL
   FileVer:    10.0.14393.351
   ProdVer:    10.0.14393.351

Module 20
C:\WINDOWS\SYSTEM32\AUDIOSES.DLL
Image Base: 0x6cbd0000  Image Size: 0x0007b000
File Size:  484584      File Time:  2016-11-02_070138
Version:
   Company:    Microsoft Corporation
   Product:    Microsoft® Windows® Operating System
   FileDesc:   Audio Session
   FileVer:    10.0.14393.447
   ProdVer:    10.0.14393.447

Module 21
C:\WINDOWS\System32\PROPSYS.dll
Image Base: 0x6cc50000  Image Size: 0x0014f000
File Size:  1375456     File Time:  2016-07-16_064256
Version:
   Company:    Microsoft Corporation
   Product:    Windows® Search
   FileDesc:   Microsoft Property System
   FileVer:    7.0.14393.0
   ProdVer:    7.0.14393.0

Module 22
C:\WINDOWS\SYSTEM32\midimap.dll
Image Base: 0x6cec0000  Image Size: 0x00008000
File Size:  18944       File Time:  2016-07-16_064250
Version:
   Company:    Microsoft Corporation
   Product:    Microsoft® Windows® Operating System
   FileDesc:   Microsoft MIDI Mapper
   FileVer:    10.0.14393.0
   ProdVer:    10.0.14393.0

Module 23
C:\WINDOWS\SYSTEM32\MSACM32.dll
Image Base: 0x6ced0000  Image Size: 0x00018000
File Size:  90912       File Time:  2016-07-16_064250
Version:
   Company:    Microsoft Corporation
   Product:    Microsoft® Windows® Operating System
   FileDesc:   Microsoft ACM Audio Filter
   FileVer:    10.0.14393.0
   ProdVer:    10.0.14393.0

Module 24
C:\WINDOWS\SYSTEM32\msacm32.drv
Image Base: 0x6cef0000  Image Size: 0x0000a000
File Size:  24576       File Time:  2016-07-16_064250
Version:
   Company:    Microsoft Corporation
   Product:    Microsoft® Windows® Operating System
   FileDesc:   Microsoft Sound Mapper
   FileVer:    10.0.14393.0
   ProdVer:    10.0.14393.0

Module 25
C:\WINDOWS\SYSTEM32\AVRT.dll
Image Base: 0x6cf00000  Image Size: 0x00009000
File Size:  29448       File Time:  2016-07-16_064250
Version:
   Company:    Microsoft Corporation
   Product:    Microsoft® Windows® Operating System
   FileDesc:   Multimedia Realtime Runtime
   FileVer:    10.0.14393.0
   ProdVer:    10.0.14393.0

Module 26
C:\WINDOWS\SYSTEM32\ksuser.dll
Image Base: 0x6cf10000  Image Size: 0x00007000
File Size:  20672       File Time:  2016-07-16_064250
Version:
   Company:    Microsoft Corporation
   Product:    Microsoft® Windows® Operating System
   FileDesc:   User CSA Library
   FileVer:    10.0.14393.0
   ProdVer:    10.0.14393.0

Module 27
C:\WINDOWS\SYSTEM32\wdmaud.drv
Image Base: 0x6cf40000  Image Size: 0x00039000
File Size:  207360      File Time:  2016-07-16_064250
Version:
   Company:    Microsoft Corporation
   Product:    Microsoft® Windows® Operating System
   FileDesc:   Winmm  audio system driver
   FileVer:    10.0.14393.0
   ProdVer:    10.0.14393.0

Module 28
C:\WINDOWS\SYSTEM32\WINNSI.DLL
Image Base: 0x6cf80000  Image Size: 0x00008000
File Size:  26848       File Time:  2016-07-16_064228
Version:
   Company:    Microsoft Corporation
   Product:    Microsoft® Windows® Operating System
   FileDesc:   Network Store Information RPC interface
   FileVer:    10.0.14393.0
   ProdVer:    10.0.14393.0

Module 29
C:\WINDOWS\System32\MMDevApi.dll
Image Base: 0x6cf90000  Image Size: 0x00058000
File Size:  352768      File Time:  2016-07-16_064250
Version:
   Company:    Microsoft Corporation
   Product:    Microsoft® Windows® Operating System
   FileDesc:   MMDevice API
   FileVer:    10.0.14393.0
   ProdVer:    10.0.14393.0

Module 30
C:\WINDOWS\SYSTEM32\WINHTTP.dll
Image Base: 0x6d430000  Image Size: 0x000a0000
File Size:  636928      File Time:  2016-10-14_224418
Version:
   Company:    Microsoft Corporation
   Product:    Microsoft® Windows® Operating System
   FileDesc:   Windows HTTP Services
   FileVer:    10.0.14393.351
   ProdVer:    10.0.14393.351

Module 31
C:\WINDOWS\SYSTEM32\dbghelp.dll
Image Base: 0x6d810000  Image Size: 0x00145000
File Size:  1220608     File Time:  2016-07-16_064258
Version:
   Company:    Microsoft
   Product:    Microsoft® Windows® Operating System
   FileDesc:   Windows Image Helper
   FileVer:    10.0.14321.1024
   ProdVer:    10.0.14321.1024

Module 32
C:\WINDOWS\SYSTEM32\MSWSOCK.dll
Image Base: 0x6dd30000  Image Size: 0x0004e000
File Size:  306016      File Time:  2016-07-16_064256
Version:
   Company:    Microsoft Corporation
   Product:    Microsoft® Windows® Operating System
   FileDesc:   Microsoft Windows Sockets 2.0 Service Provider
   FileVer:    10.0.14393.0
   ProdVer:    10.0.14393.0

Module 33
C:\WINDOWS\System32\DEVOBJ.dll
Image Base: 0x70670000  Image Size: 0x00022000
File Size:  132232      File Time:  2016-07-16_064256
Version:
   Company:    Microsoft Corporation
   Product:    Microsoft® Windows® Operating System
   FileDesc:   Device Information Set DLL
   FileVer:    10.0.14393.0
   ProdVer:    10.0.14393.0

Module 34
C:\WINDOWS\system32\rsaenh.dll
Image Base: 0x72350000  Image Size: 0x0002f000
File Size:  184416      File Time:  2016-07-16_064256
Version:
   Company:    Microsoft Corporation
   Product:    Microsoft® Windows® Operating System
   FileDesc:   Microsoft Enhanced Cryptographic Provider
   FileVer:    10.0.14393.0
   ProdVer:    10.0.14393.0

Module 35
C:\WINDOWS\System32\CRYPTSP.dll
Image Base: 0x72380000  Image Size: 0x00013000
File Size:  68720       File Time:  2016-07-16_064256
Version:
   Company:    Microsoft Corporation
   Product:    Microsoft® Windows® Operating System
   FileDesc:   Cryptographic Service Provider API
   FileVer:    10.0.14393.0
   ProdVer:    10.0.14393.0

Module 36
C:\WINDOWS\SYSTEM32\DNSAPI.dll
Image Base: 0x72420000  Image Size: 0x0007c000
File Size:  496872      File Time:  2016-09-15_123716
Version:
   Company:    Microsoft Corporation
   Product:    Microsoft® Windows® Operating System
   FileDesc:   DNS Client API DLL
   FileVer:    10.0.14393.206
   ProdVer:    10.0.14393.206

Module 37
C:\WINDOWS\SYSTEM32\bcrypt.dll
Image Base: 0x724a0000  Image Size: 0x0001b000
File Size:  106896      File Time:  2016-07-16_064256
Version:
   Company:    Microsoft Corporation
   Product:    Microsoft® Windows® Operating System
   FileDesc:   Windows Cryptographic Primitives Library
   FileVer:    10.0.14393.0
   ProdVer:    10.0.14393.0

Module 38
C:\WINDOWS\SYSTEM32\IPHLPAPI.DLL
Image Base: 0x72c10000  Image Size: 0x0002f000
File Size:  184416      File Time:  2016-07-16_064256
Version:
   Company:    Microsoft Corporation
   Product:    Microsoft® Windows® Operating System
   FileDesc:   IP Helper API
   FileVer:    10.0.14393.0
   ProdVer:    10.0.14393.0

Module 39
C:\WINDOWS\WinSxS\x86_microsoft.windows.common-controls_6595b64144ccf1df_6.0.14393.447_none_89c64d28dafea4b9\comctl32.dll
Image Base: 0x72dc0000  Image Size: 0x0020a000
File Size:  2122080     File Time:  2016-11-02_060450
Version:
   Company:    Microsoft Corporation
   Product:    Microsoft® Windows® Operating System
   FileDesc:   User Experience Controls Library
   FileVer:    6.10.14393.447
   ProdVer:    10.0.14393.447

Module 40
C:\WINDOWS\SYSTEM32\WINMM.dll
Image Base: 0x73140000  Image Size: 0x00024000
File Size:  135376      File Time:  2016-07-16_064250
Version:
   Company:    Microsoft Corporation
   Product:    Microsoft® Windows® Operating System
   FileDesc:   MCI API DLL
   FileVer:    10.0.14393.0
   ProdVer:    10.0.14393.0

Module 41
C:\WINDOWS\system32\dwmapi.dll
Image Base: 0x733f0000  Image Size: 0x0001f000
File Size:  113504      File Time:  2016-09-15_121352
Version:
   Company:    Microsoft Corporation
   Product:    Microsoft® Windows® Operating System
   FileDesc:   Microsoft Desktop Window Manager API
   FileVer:    10.0.14393.206
   ProdVer:    10.0.14393.206

Module 42
C:\WINDOWS\SYSTEM32\VERSION.dll
Image Base: 0x74770000  Image Size: 0x00008000
File Size:  27360       File Time:  2016-07-16_064306
Version:
   Company:    Microsoft Corporation
   Product:    Microsoft® Windows® Operating System
   FileDesc:   Version Checking and File Installation Libraries
   FileVer:    10.0.14393.0
   ProdVer:    10.0.14393.0

Module 43
C:\WINDOWS\System32\CRYPTBASE.dll
Image Base: 0x747e0000  Image Size: 0x0000a000
File Size:  31528       File Time:  2016-07-16_064250
Version:
   Company:    Microsoft Corporation
   Product:    Microsoft® Windows® Operating System
   FileDesc:   Base cryptographic API DLL
   FileVer:    10.0.14393.0
   ProdVer:    10.0.14393.0

Module 44
C:\WINDOWS\System32\SspiCli.dll
Image Base: 0x747f0000  Image Size: 0x0001e000
File Size:  117240      File Time:  2016-09-30_003008
Version:
   Company:    Microsoft Corporation
   Product:    Microsoft® Windows® Operating System
   FileDesc:   Security Support Provider Interface
   FileVer:    10.0.14393.187
   ProdVer:    10.0.14393.187

Module 45
C:\WINDOWS\System32\ole32.dll
Image Base: 0x74810000  Image Size: 0x000ea000
File Size:  959112      File Time:  2016-11-02_060514
Version:
   Company:    Microsoft Corporation
   Product:    Microsoft® Windows® Operating System
   FileDesc:   Microsoft OLE for Windows
   FileVer:    10.0.14393.447
   ProdVer:    10.0.14393.447

Module 46
C:\WINDOWS\System32\clbcatq.dll
Image Base: 0x74900000  Image Size: 0x00084000
File Size:  528360      File Time:  2016-07-16_064248
Version:
   Company:    Microsoft Corporation
   Product:    Microsoft® Windows® Operating System
   FileDesc:   COM+ Configuration Catalog
   FileVer:    2001.12.10941.16384
   ProdVer:    10.0.14393.0

Module 47
C:\WINDOWS\System32\ucrtbase.dll
Image Base: 0x74990000  Image Size: 0x000e0000
File Size:  918304      File Time:  2016-07-16_064256
Version:
   Company:    Microsoft Corporation
   Product:    Microsoft® Windows® Operating System
   FileDesc:   Microsoft® C Runtime Library
   FileVer:    10.0.14393.0
   ProdVer:    10.0.14393.0

Module 48
C:\WINDOWS\System32\PSAPI.DLL
Image Base: 0x74a70000  Image Size: 0x00006000
File Size:  17048       File Time:  2016-07-16_064246
Version:
   Company:    Microsoft Corporation
   Product:    Microsoft® Windows® Operating System
   FileDesc:   Process Status Helper
   FileVer:    10.0.14393.0
   ProdVer:    10.0.14393.0

Module 49
C:\WINDOWS\System32\KERNEL32.DLL
Image Base: 0x74bf0000  Image Size: 0x000e0000
File Size:  616048      File Time:  2016-07-16_064246
Version:
   Company:    Microsoft Corporation
   Product:    Microsoft® Windows® Operating System
   FileDesc:   Windows NT BASE API Client DLL
   FileVer:    10.0.14393.0
   ProdVer:    10.0.14393.0

Module 50
C:\WINDOWS\System32\imagehlp.dll
Image Base: 0x74cd0000  Image Size: 0x00019000
File Size:  93984       File Time:  2016-07-16_064228
Version:
   Company:    Microsoft Corporation
   Product:    Microsoft® Windows® Operating System
   FileDesc:   Windows NT Image Helper
   FileVer:    10.0.14393.0
   ProdVer:    10.0.14393.0

Module 51
C:\WINDOWS\System32\msvcp_win.dll
Image Base: 0x74de0000  Image Size: 0x0007b000
File Size:  498408      File Time:  2016-07-16_064256
Version:
   Company:    Microsoft Corporation
   Product:    Microsoft® Windows® Operating System
   FileDesc:   Microsoft® C Runtime Library
   FileVer:    10.0.14393.0
   ProdVer:    10.0.14393.0

Module 52
C:\WINDOWS\System32\WINTRUST.dll
Image Base: 0x74e60000  Image Size: 0x00044000
File Size:  272720      File Time:  2016-10-14_231902
Version:
   Company:    Microsoft Corporation
   Product:    Microsoft® Windows® Operating System
   FileDesc:   Microsoft Trust Verification APIs
   FileVer:    10.0.14393.351
   ProdVer:    10.0.14393.351

Module 53
C:\WINDOWS\System32\USER32.dll
Image Base: 0x74eb0000  Image Size: 0x0015f000
File Size:  1435896     File Time:  2016-10-14_231124
Version:
   Company:    Microsoft Corporation
   Product:    Microsoft® Windows® Operating System
   FileDesc:   Multi-User Windows USER API Client DLL
   FileVer:    10.0.14393.351
   ProdVer:    10.0.14393.351

Module 54
C:\WINDOWS\System32\WS2_32.dll
Image Base: 0x75010000  Image Size: 0x00063000
File Size:  402352      File Time:  2016-09-15_123706
Version:
   Company:    Microsoft Corporation
   Product:    Microsoft® Windows® Operating System
   FileDesc:   Windows Socket 2.0 32-Bit DLL
   FileVer:    10.0.14393.206
   ProdVer:    10.0.14393.206

Module 55
C:\WINDOWS\System32\profapi.dll
Image Base: 0x75080000  Image Size: 0x0000f000
File Size:  54752       File Time:  2016-07-16_064250
Version:
   Company:    Microsoft Corporation
   Product:    Microsoft® Windows® Operating System
   FileDesc:   User Profile Basic API
   FileVer:    10.0.14393.0
   ProdVer:    10.0.14393.0

Module 56
C:\WINDOWS\System32\OLEAUT32.dll
Image Base: 0x75090000  Image Size: 0x00094000
File Size:  601712      File Time:  2016-11-02_062300
Version:
   Company:    Microsoft Corporation
   Product:    Microsoft® Windows® Operating System
   FileDesc:   OLEAUT32.DLL
   FileVer:    10.0.14393.447
   ProdVer:    10.0.14393.447

Module 57
C:\WINDOWS\System32\windows.storage.dll
Image Base: 0x75190000  Image Size: 0x0056e000
File Size:  5722320     File Time:  2016-09-15_122242
Version:
   Company:    Microsoft Corporation
   Product:    Microsoft® Windows® Operating System
   FileDesc:   Microsoft WinRT Storage API
   FileVer:    10.0.14393.206
   ProdVer:    10.0.14393.206

Module 58
C:\WINDOWS\System32\powrprof.dll
Image Base: 0x75700000  Image Size: 0x00045000
File Size:  275832      File Time:  2016-07-16_064256
Version:
   Company:    Microsoft Corporation
   Product:    Microsoft® Windows® Operating System
   FileDesc:   Power Profile Helper DLL
   FileVer:    10.0.14393.0
   ProdVer:    10.0.14393.0

Module 59
C:\WINDOWS\System32\IMM32.dll
Image Base: 0x75750000  Image Size: 0x00025000
File Size:  144632      File Time:  2016-07-16_064250
Version:
   Company:    Microsoft Corporation
   Product:    Microsoft® Windows® Operating System
   FileDesc:   Multi-User Windows IMM32 API Client DLL
   FileVer:    10.0.14393.0
   ProdVer:    10.0.14393.0

Module 60
C:\WINDOWS\System32\kernel.appcore.dll
Image Base: 0x75780000  Image Size: 0x0000d000
File Size:  43416       File Time:  2016-07-16_064256
Version:
   Company:    Microsoft Corporation
   Product:    Microsoft® Windows® Operating System
   FileDesc:   AppModel API Host
   FileVer:    10.0.14393.0
   ProdVer:    10.0.14393.0

Module 61
C:\WINDOWS\System32\MSCTF.dll
Image Base: 0x75790000  Image Size: 0x00135000
File Size:  1263856     File Time:  2016-11-02_060122
Version:
   Company:    Microsoft Corporation
   Product:    Microsoft® Windows® Operating System
   FileDesc:   MSCTF Server DLL
   FileVer:    10.0.14393.447
   ProdVer:    10.0.14393.447

Module 62
C:\WINDOWS\System32\msvcrt.dll
Image Base: 0x758d0000  Image Size: 0x000be000
File Size:  773168      File Time:  2016-07-16_064250
Version:
   Company:    Microsoft Corporation
   Product:    Microsoft® Windows® Operating System
   FileDesc:   Windows NT CRT DLL
   FileVer:    7.0.14393.0
   ProdVer:    10.0.14393.0

Module 63
C:\WINDOWS\System32\GDI32.dll
Image Base: 0x759f0000  Image Size: 0x0002b000
File Size:  170960      File Time:  2016-09-15_122320
Version:
   Company:    Microsoft Corporation
   Product:    Microsoft® Windows® Operating System
   FileDesc:   GDI Client DLL
   FileVer:    10.0.14393.206
   ProdVer:    10.0.14393.206

Module 64
C:\WINDOWS\System32\SHELL32.dll
Image Base: 0x75e40000  Image Size: 0x013d9000
File Size:  20969928    File Time:  2016-11-02_060518
Version:
   Company:    Microsoft Corporation
   Product:    Microsoft® Windows® Operating System
   FileDesc:   Windows Shell Common Dll
   FileVer:    10.0.14393.447
   ProdVer:    10.0.14393.447

Module 65
C:\WINDOWS\System32\win32u.dll
Image Base: 0x77220000  Image Size: 0x00015000
File Size:  79536       File Time:  2016-09-30_002954
Version:
   Company:    Microsoft Corporation
   Product:    Microsoft® Windows® Operating System
   FileDesc:   Win32u
   FileVer:    10.0.14393.51
   ProdVer:    10.0.14393.51

Module 66
C:\WINDOWS\System32\sechost.dll
Image Base: 0x77240000  Image Size: 0x00041000
File Size:  255168      File Time:  2016-07-16_064250
Version:
   Company:    Microsoft Corporation
   Product:    Microsoft® Windows® Operating System
   FileDesc:   Host for SCM/SDDL/LSA Lookup APIs
   FileVer:    10.0.14393.0
   ProdVer:    10.0.14393.0

Module 67
C:\WINDOWS\System32\SHLWAPI.dll
Image Base: 0x77290000  Image Size: 0x00046000
File Size:  284056      File Time:  2016-07-16_064304
Version:
   Company:    Microsoft Corporation
   Product:    Microsoft® Windows® Operating System
   FileDesc:   Shell Light-weight Utility Library
   FileVer:    10.0.14393.0
   ProdVer:    10.0.14393.0

Module 68
C:\WINDOWS\System32\combase.dll
Image Base: 0x772e0000  Image Size: 0x00211000
File Size:  2166232     File Time:  2016-10-14_231802
Version:
   Company:    Microsoft Corporation
   Product:    Microsoft® Windows® Operating System
   FileDesc:   Microsoft COM for Windows
   FileVer:    10.0.14393.351
   ProdVer:    10.0.14393.351

Module 69
C:\WINDOWS\System32\shcore.dll
Image Base: 0x77500000  Image Size: 0x00088000
File Size:  549088      File Time:  2016-07-16_064244
Version:
   Company:    Microsoft Corporation
   Product:    Microsoft® Windows® Operating System
   FileDesc:   SHCORE
   FileVer:    10.0.14393.0
   ProdVer:    10.0.14393.0

Module 70
C:\WINDOWS\System32\RPCRT4.dll
Image Base: 0x77630000  Image Size: 0x000c1000
File Size:  790760      File Time:  2016-09-30_003008
Version:
   Company:    Microsoft Corporation
   Product:    Microsoft® Windows® Operating System
   FileDesc:   Remote Procedure Call Runtime
   FileVer:    10.0.14393.82
   ProdVer:    10.0.14393.82

Module 71
C:\WINDOWS\System32\KERNELBASE.dll
Image Base: 0x77700000  Image Size: 0x001a1000
File Size:  1705976     File Time:  2016-10-05_050326
Version:
   Company:    Microsoft Corporation
   Product:    Microsoft® Windows® Operating System
   FileDesc:   Windows NT BASE API Client DLL
   FileVer:    10.0.14393.321
   ProdVer:    10.0.14393.321

Module 72
C:\WINDOWS\System32\cfgmgr32.dll
Image Base: 0x778b0000  Image Size: 0x00036000
File Size:  213848      File Time:  2016-07-16_064256
Version:
   Company:    Microsoft Corporation
   Product:    Microsoft® Windows® Operating System
   FileDesc:   Configuration Manager DLL
   FileVer:    10.0.14393.0
   ProdVer:    10.0.14393.0

Module 73
C:\WINDOWS\System32\ADVAPI32.dll
Image Base: 0x778f0000  Image Size: 0x00077000
File Size:  482392      File Time:  2016-07-16_064250
Version:
   Company:    Microsoft Corporation
   Product:    Microsoft® Windows® Operating System
   FileDesc:   Advanced Windows 32 Base API
   FileVer:    10.0.14393.0
   ProdVer:    10.0.14393.0

Module 74
C:\WINDOWS\System32\NSI.dll
Image Base: 0x77970000  Image Size: 0x00007000
File Size:  20152       File Time:  2016-07-16_064228
Version:
   Company:    Microsoft Corporation
   Product:    Microsoft® Windows® Operating System
   FileDesc:   NSI User-mode interface DLL
   FileVer:    10.0.14393.0
   ProdVer:    10.0.14393.0

Module 75
C:\WINDOWS\System32\bcryptPrimitives.dll
Image Base: 0x779e0000  Image Size: 0x0005a000
File Size:  367208      File Time:  2016-07-16_064228
Version:
   Company:    Microsoft Corporation
   Product:    Microsoft® Windows® Operating System
   FileDesc:   Windows Cryptographic Primitives Library
   FileVer:    10.0.14393.0
   ProdVer:    10.0.14393.0

Module 76
C:\WINDOWS\System32\MSASN1.dll
Image Base: 0x77a40000  Image Size: 0x0000e000
File Size:  49080       File Time:  2016-07-16_064256
Version:
   Company:    Microsoft Corporation
   Product:    Microsoft® Windows® Operating System
   FileDesc:   ASN.1 Runtime APIs
   FileVer:    10.0.14393.0
   ProdVer:    10.0.14393.0

Module 77
C:\WINDOWS\System32\gdi32full.dll
Image Base: 0x77a50000  Image Size: 0x0015b000
File Size:  1415744     File Time:  2016-11-02_060132
Version:
   Company:    Microsoft Corporation
   Product:    Microsoft® Windows® Operating System
   FileDesc:   GDI Client DLL
   FileVer:    10.0.14393.447
   ProdVer:    10.0.14393.447

Module 78
C:\WINDOWS\System32\CRYPT32.dll
Image Base: 0x77bb0000  Image Size: 0x0017d000
File Size:  1556712     File Time:  2016-10-14_231840
Version:
   Company:    Microsoft Corporation
   Product:    Microsoft® Windows® Operating System
   FileDesc:   Crypto API32
   FileVer:    10.0.14393.351
   ProdVer:    10.0.14393.351

Module 79
C:\WINDOWS\SYSTEM32\ntdll.dll
Image Base: 0x77d30000  Image Size: 0x00182000
File Size:  1570672     File Time:  2016-11-02_062300
Version:
   Company:    Microsoft Corporation
   Product:    Microsoft® Windows® Operating System
   FileDesc:   NT Layer DLL
   FileVer:    10.0.14393.447
   ProdVer:    10.0.14393.447


== [end of error.log] ==
